2018-11-21 11:00:19.015  INFO 8096 --- [restartedMain] com.jf.spb.SpbApplication                : Starting SpbApplication on ssj1 with PID 8096 (D:\work_ide\spb\target\classes started by Administrator in D:\work_ide\spb)
2018-11-21 11:00:19.076  INFO 8096 --- [restartedMain] com.jf.spb.SpbApplication                : No active profile set, falling back to default profiles: default
2018-11-21 11:00:20.513  INFO 8096 --- [restartedMain] .e.DevToolsPropertyDefaultsPostProcessor : Devtools property defaults active! Set 'spring.devtools.add-properties' to 'false' to disable
2018-11-21 11:00:20.513  INFO 8096 --- [restartedMain] .e.DevToolsPropertyDefaultsPostProcessor : For additional web related logging consider setting the 'logging.level.web' property to 'DEBUG'
2018-11-21 11:00:22.945  INFO 8096 --- [restartedMain] .s.d.r.c.RepositoryConfigurationDelegate : Multiple Spring Data modules found, entering strict repository configuration mode!
2018-11-21 11:00:22.950  INFO 8096 --- [restartedMain] .s.d.r.c.RepositoryConfigurationDelegate : Bootstrapping Spring Data repositories in DEFAULT mode.
2018-11-21 11:00:23.004  INFO 8096 --- [restartedMain] .s.d.r.c.RepositoryConfigurationDelegate : Finished Spring Data repository scanning in 28ms. Found 0 repository interfaces.
2018-11-21 11:00:24.174  INFO 8096 --- [restartedMain] trationDelegate$BeanPostProcessorChecker : Bean 'org.springframework.amqp.rabbit.annotation.RabbitBootstrapConfiguration' of type [org.springframework.amqp.rabbit.annotation.RabbitBootstrapConfiguration$$EnhancerBySpringCGLIB$$bbc1f30b] is not eligible for getting processed by all BeanPostProcessors (for example: not eligible for auto-proxying)
2018-11-21 11:00:24.584  INFO 8096 --- [restartedMain] trationDelegate$BeanPostProcessorChecker : Bean 'org.springframework.transaction.annotation.ProxyTransactionManagementConfiguration' of type [org.springframework.transaction.annotation.ProxyTransactionManagementConfiguration$$EnhancerBySpringCGLIB$$f55634dd] is not eligible for getting processed by all BeanPostProcessors (for example: not eligible for auto-proxying)
2018-11-21 11:00:26.633  INFO 8096 --- [restartedMain] o.s.b.w.embedded.tomcat.TomcatWebServer  : Tomcat initialized with port(s): 8080 (http)
2018-11-21 11:00:26.689  INFO 8096 --- [restartedMain] o.apache.catalina.core.StandardService   : Starting service [Tomcat]
2018-11-21 11:00:26.689  INFO 8096 --- [restartedMain] org.apache.catalina.core.StandardEngine  : Starting Servlet Engine: Apache Tomcat/9.0.12
2018-11-21 11:00:26.739  INFO 8096 --- [restartedMain] o.a.catalina.core.AprLifecycleListener   : The APR based Apache Tomcat Native library which allows optimal performance in production environments was not found on the java.library.path: [D:\jdk\bin;C:\Windows\Sun\Java\bin;C:\Windows\system32;C:\Windows;D:\maven\apache-maven-3.2.2\bin;D:\android\android-sdk-windows\tools;D:\android\android-sdk-windows\platform-tools;D:\jdk\bin;%JAVA_HOME%\bin;d:\app\Administrator\product\11.2.0\dbhome_1\bin;C:\Program Files\Common Files\NetSarang;C:\Program Files\NVIDIA Corporation\PhysX\Common;C:\Program Files\Intel\iCLS Client\;C:\Windows\system32;C:\Windows;C:\Windows\System32\Wbem;C:\Windows\System32\WindowsPowerShell\v1.0\;C:\Program Files\Yuguo;C:\Program Files\Intel\Intel(R) Management Engine Components\DAL;C:\Program Files\Intel\Intel(R) Management Engine Components\IPT;C:\Program Files\TortoiseSVN\bin;C:\Program Files\SSH Communications Security\SSH Secure Shell;.]
2018-11-21 11:00:26.966  INFO 8096 --- [restartedMain] o.a.c.c.C.[Tomcat].[localhost].[/]       : Initializing Spring embedded WebApplicationContext
2018-11-21 11:00:26.966  INFO 8096 --- [restartedMain] o.s.web.context.ContextLoader            : Root WebApplicationContext: initialization completed in 6453 ms
2018-11-21 11:00:27.015  INFO 8096 --- [restartedMain] o.s.b.w.servlet.FilterRegistrationBean   : Mapping filter: 'characterEncodingFilter' to: [/*]
2018-11-21 11:00:27.016  INFO 8096 --- [restartedMain] o.s.b.w.servlet.FilterRegistrationBean   : Mapping filter: 'hiddenHttpMethodFilter' to: [/*]
2018-11-21 11:00:27.016  INFO 8096 --- [restartedMain] o.s.b.w.servlet.FilterRegistrationBean   : Mapping filter: 'formContentFilter' to: [/*]
2018-11-21 11:00:27.016  INFO 8096 --- [restartedMain] o.s.b.w.servlet.FilterRegistrationBean   : Mapping filter: 'requestContextFilter' to: [/*]
2018-11-21 11:00:27.017  INFO 8096 --- [restartedMain] .s.DelegatingFilterProxyRegistrationBean : Mapping filter: 'springSecurityFilterChain' to: [/*]
2018-11-21 11:00:27.017  INFO 8096 --- [restartedMain] o.s.b.w.servlet.ServletRegistrationBean  : Servlet dispatcherServlet mapped to [/]
2018-11-21 11:00:29.320  INFO 8096 --- [restartedMain] o.s.s.web.DefaultSecurityFilterChain     : Creating filter chain: any request, [org.springframework.security.web.context.request.async.WebAsyncManagerIntegrationFilter@cb6acb, org.springframework.security.web.context.SecurityContextPersistenceFilter@112877c, org.springframework.security.web.header.HeaderWriterFilter@5f9ad4, org.springframework.security.web.authentication.logout.LogoutFilter@1f9bfa3, com.jf.spb.security.UsernamePasswordAuthenticationProcessingFilter@1497a81, org.springframework.security.web.authentication.UsernamePasswordAuthenticationFilter@1cb5455, org.springframework.security.web.savedrequest.RequestCacheAwareFilter@12f4d01, org.springframework.security.web.servletapi.SecurityContextHolderAwareRequestFilter@1d00dad, org.springframework.security.web.authentication.AnonymousAuthenticationFilter@1f338f5, org.springframework.security.web.session.SessionManagementFilter@7e19cb, org.springframework.security.web.access.ExceptionTranslationFilter@11d5cc1, org.springframework.security.web.access.intercept.FilterSecurityInterceptor@1f9e9fb]
2018-11-21 11:00:29.662  INFO 8096 --- [restartedMain] o.s.s.concurrent.ThreadPoolTaskExecutor  : Initializing ExecutorService 'applicationTaskExecutor'
2018-11-21 11:00:30.289  INFO 8096 --- [restartedMain] o.s.b.a.w.s.WelcomePageHandlerMapping    : Adding welcome page template: index
2018-11-21 11:00:31.740  INFO 8096 --- [restartedMain] o.s.s.c.ThreadPoolTaskScheduler          : Initializing ExecutorService 'taskScheduler'
2018-11-21 11:00:31.940  INFO 8096 --- [restartedMain] o.s.b.d.a.OptionalLiveReloadServer       : LiveReload server is running on port 35729
2018-11-21 11:00:32.197  INFO 8096 --- [restartedMain] o.s.a.r.c.CachingConnectionFactory       : Attempting to connect to: [192.168.1.106:5672]
2018-11-21 11:00:32.306  INFO 8096 --- [restartedMain] o.s.a.r.c.CachingConnectionFactory       : Created new connection: rabbitConnectionFactory#16174ea:0/SimpleConnection@f40c5f [delegate=amqp://guest@192.168.1.106:5672/, localPort= 53844]
2018-11-21 11:00:32.747  INFO 8096 --- [restartedMain] o.s.b.w.embedded.tomcat.TomcatWebServer  : Tomcat started on port(s): 8080 (http) with context path ''
2018-11-21 11:00:32.751  INFO 8096 --- [restartedMain] com.jf.spb.SpbApplication                : Started SpbApplication in 17.374 seconds (JVM running for 50.264)
2018-11-21 11:00:47.889  INFO 8096 --- [http-nio-8080-exec-1] o.a.c.c.C.[Tomcat].[localhost].[/]       : Initializing Spring DispatcherServlet 'dispatcherServlet'
2018-11-21 11:00:47.890  INFO 8096 --- [http-nio-8080-exec-1] o.s.web.servlet.DispatcherServlet        : Initializing Servlet 'dispatcherServlet'
2018-11-21 11:00:47.939  INFO 8096 --- [http-nio-8080-exec-1] o.s.web.servlet.DispatcherServlet        : Completed initialization in 49 ms
